11:49:28.678 [main] DEBUG c.i.karate.cucumber.CucumberRunner - init test class: class DemoAPI.PostRequest
11:49:28.823 [main] DEBUG c.i.karate.cucumber.CucumberRunner - loading feature: /C:/Users/Mohamed.Emad/eclipse-workspace/DemoAPI/target/test-classes/DemoAPI%5cPost.feature
11:49:29.453 [main] INFO  com.intuit.karate.ScriptBridge - karate.env system property was: null 
11:50:03.448 [main] DEBUG c.i.karate.cucumber.CucumberRunner - init test class: class DemoAPI.PostRequest
11:50:03.596 [main] DEBUG c.i.karate.cucumber.CucumberRunner - loading feature: /C:/Users/Mohamed.Emad/eclipse-workspace/DemoAPI/target/test-classes/DemoAPI%5cPost.feature
11:50:04.178 [main] INFO  com.intuit.karate.ScriptBridge - karate.env system property was: null 
11:51:14.328 [main] DEBUG c.i.karate.cucumber.CucumberRunner - init test class: class DemoAPI.PostRequest
11:51:14.460 [main] DEBUG c.i.karate.cucumber.CucumberRunner - loading feature: /C:/Users/Mohamed.Emad/eclipse-workspace/DemoAPI/target/test-classes/DemoAPI%5cPost.feature
11:51:15.035 [main] INFO  com.intuit.karate.ScriptBridge - karate.env system property was: null 
11:52:52.830 [main] DEBUG c.i.karate.cucumber.CucumberRunner - init test class: class DemoAPI.PostRequest
11:52:52.969 [main] DEBUG c.i.karate.cucumber.CucumberRunner - loading feature: /C:/Users/Mohamed.Emad/eclipse-workspace/DemoAPI/target/test-classes/DemoAPI%5cPost.feature
11:52:53.544 [main] INFO  com.intuit.karate.ScriptBridge - karate.env system property was: null 
11:56:47.093 [main] DEBUG c.i.karate.cucumber.CucumberRunner - init test class: class DemoAPI.PostRequest
11:56:47.247 [main] DEBUG c.i.karate.cucumber.CucumberRunner - loading feature: /C:/Users/Mohamed.Emad/eclipse-workspace/DemoAPI/target/test-classes/DemoAPI%5cPost.feature
11:56:47.829 [main] INFO  com.intuit.karate.ScriptBridge - karate.env system property was: null 
11:56:48.739 [main] DEBUG com.intuit.karate.StepDefs - response time in milliseconds: 669
11:56:49.221 [main] DEBUG com.intuit.karate.StepDefs - response time in milliseconds: 420
11:56:49.234 [main] INFO  com.intuit.karate.StepDefs - [print] {definitions=
}
11:58:53.604 [main] DEBUG c.i.karate.cucumber.CucumberRunner - init test class: class DemoAPI.PostRequest
11:58:53.756 [main] DEBUG c.i.karate.cucumber.CucumberRunner - loading feature: /C:/Users/Mohamed.Emad/eclipse-workspace/DemoAPI/target/test-classes/DemoAPI%5cPost.feature
11:58:54.335 [main] INFO  com.intuit.karate.ScriptBridge - karate.env system property was: null 
11:58:55.209 [main] DEBUG com.intuit.karate.StepDefs - response time in milliseconds: 633
11:58:55.584 [main] DEBUG com.intuit.karate.StepDefs - response time in milliseconds: 314
11:58:55.611 [main] INFO  com.intuit.karate.StepDefs - [print] {definitions=
}
12:25:15.836 [main] DEBUG c.i.karate.cucumber.CucumberRunner - init test class: class DemoAPI.PostRequest
12:25:16.020 [main] DEBUG c.i.karate.cucumber.CucumberRunner - loading feature: /C:/Users/Mohamed.Emad/eclipse-workspace/DemoAPI/target/test-classes/DemoAPI%5cPost.feature
12:25:16.757 [main] INFO  com.intuit.karate.ScriptBridge - karate.env system property was: null 
12:25:18.151 [main] DEBUG com.intuit.karate.StepDefs - response time in milliseconds: 885
12:27:09.044 [main] DEBUG c.i.karate.cucumber.CucumberRunner - init test class: class DemoAPI.PostRequest
12:27:09.199 [main] DEBUG c.i.karate.cucumber.CucumberRunner - loading feature: /C:/Users/Mohamed.Emad/eclipse-workspace/DemoAPI/target/test-classes/DemoAPI%5cPost.feature
12:27:09.797 [main] INFO  com.intuit.karate.ScriptBridge - karate.env system property was: null 
12:27:13.901 [main] DEBUG com.intuit.karate.StepDefs - response time in milliseconds: 3848
13:57:33.157 [main] DEBUG c.i.karate.cucumber.CucumberRunner - init test class: class DemoAPI.PostRequest
13:57:33.371 [main] DEBUG c.i.karate.cucumber.CucumberRunner - loading feature: /C:/Users/Mohamed.Emad/eclipse-workspace/DemoAPI/target/test-classes/DemoAPI%5cPost.feature
13:57:33.941 [main] INFO  com.intuit.karate.ScriptBridge - karate.env system property was: null 
13:58:09.213 [main] DEBUG c.i.karate.cucumber.CucumberRunner - init test class: class DemoAPI.PostRequest
13:58:09.408 [main] DEBUG c.i.karate.cucumber.CucumberRunner - loading feature: /C:/Users/Mohamed.Emad/eclipse-workspace/DemoAPI/target/test-classes/DemoAPI%5cPost.feature
13:58:09.979 [main] INFO  com.intuit.karate.ScriptBridge - karate.env system property was: null 
13:58:30.365 [main] DEBUG c.i.karate.cucumber.CucumberRunner - init test class: class DemoAPI.PostRequest
13:58:30.557 [main] DEBUG c.i.karate.cucumber.CucumberRunner - loading feature: /C:/Users/Mohamed.Emad/eclipse-workspace/DemoAPI/target/test-classes/DemoAPI%5cPost.feature
13:58:31.132 [main] INFO  com.intuit.karate.ScriptBridge - karate.env system property was: null 
13:58:39.773 [main] DEBUG c.i.karate.cucumber.CucumberRunner - init test class: class DemoAPI.PostRequest
13:58:39.962 [main] DEBUG c.i.karate.cucumber.CucumberRunner - loading feature: /C:/Users/Mohamed.Emad/eclipse-workspace/DemoAPI/target/test-classes/DemoAPI%5cPost.feature
13:58:40.539 [main] INFO  com.intuit.karate.ScriptBridge - karate.env system property was: null 
14:23:34.365 [main] DEBUG c.i.karate.cucumber.CucumberRunner - init test class: class DemoAPI.PostRequest
14:23:34.558 [main] DEBUG c.i.karate.cucumber.CucumberRunner - loading feature: /C:/Users/Mohamed.Emad/eclipse-workspace/DemoAPI/target/test-classes/DemoAPI%5cPost.feature
14:23:35.166 [main] INFO  com.intuit.karate.ScriptBridge - karate.env system property was: null 
15:01:30.411 [main] DEBUG c.i.karate.cucumber.CucumberRunner - init test class: class DemoAPI.PostRequest
15:01:30.551 [main] DEBUG c.i.karate.cucumber.CucumberRunner - loading feature: /C:/Users/Mohamed.Emad/eclipse-workspace/DemoAPI/target/test-classes/DemoAPI%5cPost.feature
15:01:31.119 [main] INFO  com.intuit.karate.ScriptBridge - karate.env system property was: null 
15:01:32.019 [main] DEBUG com.intuit.karate.StepDefs - response time in milliseconds: 651
15:31:53.717 [main] DEBUG c.i.karate.cucumber.CucumberRunner - init test class: class DemoAPI.PostRequest
15:31:53.892 [main] DEBUG c.i.karate.cucumber.CucumberRunner - loading feature: /C:/Users/Mohamed.Emad/eclipse-workspace/DemoAPI/target/test-classes/DemoAPI%5cPost.feature
15:31:54.487 [main] INFO  com.intuit.karate.ScriptBridge - karate.env system property was: null 
15:31:55.392 [main] DEBUG com.intuit.karate.StepDefs - response time in milliseconds: 648
11:12:21.600 [main] DEBUG c.i.karate.cucumber.CucumberRunner - init test class: class DemoAPI.PostRequest
11:12:21.825 [main] DEBUG c.i.karate.cucumber.CucumberRunner - loading feature: /C:/Users/Mohamed.Emad/eclipse-workspace/DemoAPI/target/test-classes/DemoAPI%5cPost.feature
11:12:22.990 [main] INFO  com.intuit.karate.ScriptBridge - karate.env system property was: null 
11:12:24.086 [main] DEBUG com.intuit.karate.StepDefs - response time in milliseconds: 515
12:55:23.530 [main] DEBUG c.i.karate.cucumber.CucumberRunner - init test class: class DemoAPI.PostRequest
12:55:23.760 [main] DEBUG c.i.karate.cucumber.CucumberRunner - loading feature: /C:/Users/Mohamed.Emad/eclipse-workspace/DemoAPI/target/test-classes/DemoAPI%5cPost.feature
12:55:24.647 [main] INFO  com.intuit.karate.ScriptBridge - karate.env system property was: null 
12:55:25.416 [main] DEBUG com.intuit.karate.StepDefs - response time in milliseconds: 435
